2025-05-21 14:05:03.184 [main] INFO  o.h.Version - HHH000412: Hibernate ORM core version 6.6.6.Final
2025-05-21 14:05:03.208 [main] INFO  o.h.c.internal.RegionFactoryInitiator - HHH000026: Second-level cache disabled
2025-05-21 14:05:03.247 [main] WARN  o.h.o.connections.pooling - HHH10001002: Using built-in connection pool (not intended for production use)
2025-05-21 14:05:03.433 [main] INFO  o.h.o.connections.pooling - HHH10001005: Database info:
	Database JDBC URL [jdbc:mysql://localhost:3306/demo_db]
	Database driver: com.mysql.cj.jdbc.Driver
	Database version: 8.4.5
	Autocommit mode: false
	Isolation level: undefined/unknown
	Minimum pool size: 1
	Maximum pool size: 20
2025-05-21 14:05:44.332 [main] WARN  o.e.s.ProductService - LOG_DATA_INPTS_WRONG_MSG
2025-05-21 14:08:44.744 [main] WARN  o.e.s.ProductService - LOG_DATA_INPTS_WRONG_MSG
2025-05-21 14:12:13.817 [main] INFO  o.h.Version - HHH000412: Hibernate ORM core version 6.6.6.Final
2025-05-21 14:12:13.835 [main] INFO  o.h.c.internal.RegionFactoryInitiator - HHH000026: Second-level cache disabled
2025-05-21 14:12:13.869 [main] WARN  o.h.o.connections.pooling - HHH10001002: Using built-in connection pool (not intended for production use)
2025-05-21 14:12:14.032 [main] INFO  o.h.o.connections.pooling - HHH10001005: Database info:
	Database JDBC URL [jdbc:mysql://localhost:3306/demo_db]
	Database driver: com.mysql.cj.jdbc.Driver
	Database version: 8.4.5
	Autocommit mode: false
	Isolation level: undefined/unknown
	Minimum pool size: 1
	Maximum pool size: 20
2025-05-21 14:12:19.941 [main] WARN  o.e.s.ProductService - LOG_DATA_INPTS_WRONG_MSG
2025-05-21 14:18:03.634 [main] INFO  o.h.Version - HHH000412: Hibernate ORM core version 6.6.6.Final
2025-05-21 14:18:03.653 [main] INFO  o.h.c.internal.RegionFactoryInitiator - HHH000026: Second-level cache disabled
2025-05-21 14:18:03.688 [main] WARN  o.h.o.connections.pooling - HHH10001002: Using built-in connection pool (not intended for production use)
2025-05-21 14:18:03.856 [main] INFO  o.h.o.connections.pooling - HHH10001005: Database info:
	Database JDBC URL [jdbc:mysql://localhost:3306/demo_db]
	Database driver: com.mysql.cj.jdbc.Driver
	Database version: 8.4.5
	Autocommit mode: false
	Isolation level: undefined/unknown
	Minimum pool size: 1
	Maximum pool size: 20
2025-05-21 14:20:00.883 [main] INFO  o.h.Version - HHH000412: Hibernate ORM core version 6.6.6.Final
2025-05-21 14:20:00.901 [main] INFO  o.h.c.internal.RegionFactoryInitiator - HHH000026: Second-level cache disabled
2025-05-21 14:20:00.934 [main] WARN  o.h.o.connections.pooling - HHH10001002: Using built-in connection pool (not intended for production use)
2025-05-21 14:20:01.089 [main] INFO  o.h.o.connections.pooling - HHH10001005: Database info:
	Database JDBC URL [jdbc:mysql://localhost:3306/demo_db]
	Database driver: com.mysql.cj.jdbc.Driver
	Database version: 8.4.5
	Autocommit mode: false
	Isolation level: undefined/unknown
	Minimum pool size: 1
	Maximum pool size: 20
2025-05-21 14:20:01.466 [main] INFO  o.e.r.impl.ProductRepository - Created.
